# JRE version: Java(TM) SE Runtime Environment (17.0.2+8) (build 17.0.2+8-LTS-86)
# Java VM: Java HotSpot(TM) 64-Bit Server VM (17.0.2+8-LTS-86, mixed mode, sharing, tiered, compressed oops, compressed class ptrs, g1 gc, windows-amd64)
GC Precious Log:
 CPUs: 8 total, 8 available
 Memory: 7549M
 Large Page Support: Disabled
 NUMA Support: Disabled
 Compressed Oops: Enabled (32-bit)
 Heap Region Size: 1M
 Heap Min Capacity: 8M
 Heap Initial Capacity: 118M
 Heap Max Capacity: 1888M
 Pre-touch: Disabled
 Parallel Workers: 8
 Concurrent Workers: 2
 Concurrent Refinement Workers: 8
 Periodic GC: Disabled
Heap:
 garbage-first heap   total 51200K, used 34490K [0x000000008a000000, 0x0000000100000000)
  region size 1024K, 14 young (14336K), 2 survivors (2048K)
 Metaspace       used 51860K, committed 52352K, reserved 1097728K
  class space    used 6866K, committed 7104K, reserved 1048576K
GC Heap History (20 events):
Event: 2.872 GC heap before
{Heap before GC invocations=0 (full 0):
 garbage-first heap   total 120832K, used 24576K [0x000000008a000000, 0x0000000100000000)
  region size 1024K, 23 young (23552K), 0 survivors (0K)
 Metaspace       used 5914K, committed 6080K, reserved 1056768K
  class space    used 670K, committed 768K, reserved 1048576K
}
Event: 2.889 GC heap after
{Heap after GC invocations=1 (full 0):
 garbage-first heap   total 120832K, used 7620K [0x000000008a000000, 0x0000000100000000)
  region size 1024K, 3 young (3072K), 3 survivors (3072K)
 Metaspace       used 5914K, committed 6080K, reserved 1056768K
  class space    used 670K, committed 768K, reserved 1048576K
}
Event: 5.286 GC heap before
{Heap before GC invocations=1 (full 0):
 garbage-first heap   total 120832K, used 35268K [0x000000008a000000, 0x0000000100000000)
  region size 1024K, 31 young (31744K), 3 survivors (3072K)
 Metaspace       used 13003K, committed 13312K, reserved 1064960K
  class space    used 1551K, committed 1664K, reserved 1048576K
}
Event: 5.299 GC heap after
{Heap after GC invocations=2 (full 0):
 garbage-first heap   total 120832K, used 10495K [0x000000008a000000, 0x0000000100000000)
  region size 1024K, 3 young (3072K), 3 survivors (3072K)
 Metaspace       used 13003K, committed 13312K, reserved 1064960K
  class space    used 1551K, committed 1664K, reserved 1048576K
}
Event: 8.967 GC heap before
{Heap before GC invocations=2 (full 0):
 garbage-first heap   total 120832K, used 59647K [0x000000008a000000, 0x0000000100000000)
  region size 1024K, 53 young (54272K), 3 survivors (3072K)
 Metaspace       used 21243K, committed 21504K, reserved 1073152K
  class space    used 2616K, committed 2752K, reserved 1048576K
}
Event: 8.983 GC heap after
{Heap after GC invocations=3 (full 0):
 garbage-first heap   total 120832K, used 13992K [0x000000008a000000, 0x0000000100000000)
  region size 1024K, 6 young (6144K), 6 survivors (6144K)
 Metaspace       used 21243K, committed 21504K, reserved 1073152K
  class space    used 2616K, committed 2752K, reserved 1048576K
}
Event: 11.441 GC heap before
{Heap before GC invocations=4 (full 0):
 garbage-first heap   total 51200K, used 38568K [0x000000008a000000, 0x0000000100000000)
  region size 1024K, 30 young (30720K), 6 survivors (6144K)
 Metaspace       used 25136K, committed 25536K, reserved 1073152K
  class space    used 3226K, committed 3392K, reserved 1048576K
}
Event: 11.462 GC heap after
{Heap after GC invocations=5 (full 0):
 garbage-first heap   total 51200K, used 16507K [0x000000008a000000, 0x0000000100000000)
  region size 1024K, 3 young (3072K), 3 survivors (3072K)
 Metaspace       used 25136K, committed 25536K, reserved 1073152K
  class space    used 3226K, committed 3392K, reserved 1048576K
}
Event: 12.836 GC heap before
{Heap before GC invocations=5 (full 0):
 garbage-first heap   total 51200K, used 35963K [0x000000008a000000, 0x0000000100000000)
  region size 1024K, 22 young (22528K), 3 survivors (3072K)
 Metaspace       used 28503K, committed 28928K, reserved 1081344K
  class space    used 3622K, committed 3840K, reserved 1048576K
}
Event: 12.843 GC heap after
{Heap after GC invocations=6 (full 0):
 garbage-first heap   total 51200K, used 17948K [0x000000008a000000, 0x0000000100000000)
  region size 1024K, 2 young (2048K), 2 survivors (2048K)
 Metaspace       used 28503K, committed 28928K, reserved 1081344K
  class space    used 3622K, committed 3840K, reserved 1048576K
}
Event: 14.086 GC heap before
{Heap before GC invocations=6 (full 0):
 garbage-first heap   total 51200K, used 36380K [0x000000008a000000, 0x0000000100000000)
  region size 1024K, 20 young (20480K), 2 survivors (2048K)
 Metaspace       used 32624K, committed 33024K, reserved 1081344K
  class space    used 4231K, committed 4416K, reserved 1048576K
}
Event: 14.094 GC heap after
{Heap after GC invocations=7 (full 0):
 garbage-first heap   total 51200K, used 18608K [0x000000008a000000, 0x0000000100000000)
  region size 1024K, 3 young (3072K), 3 survivors (3072K)
 Metaspace       used 32624K, committed 33024K, reserved 1081344K
  class space    used 4231K, committed 4416K, reserved 1048576K
}
Event: 15.032 GC heap before
{Heap before GC invocations=7 (full 0):
 garbage-first heap   total 51200K, used 30896K [0x000000008a000000, 0x0000000100000000)
  region size 1024K, 16 young (16384K), 3 survivors (3072K)
 Metaspace       used 35548K, committed 35968K, reserved 1081344K
  class space    used 4738K, committed 4928K, reserved 1048576K
}
Event: 15.040 GC heap after
{Heap after GC invocations=8 (full 0):
 garbage-first heap   total 51200K, used 19199K [0x000000008a000000, 0x0000000100000000)
  region size 1024K, 2 young (2048K), 2 survivors (2048K)
 Metaspace       used 35548K, committed 35968K, reserved 1081344K
  class space    used 4738K, committed 4928K, reserved 1048576K
}
Event: 16.672 GC heap before
{Heap before GC invocations=9 (full 0):
 garbage-first heap   total 51200K, used 38655K [0x000000008a000000, 0x0000000100000000)
  region size 1024K, 21 young (21504K), 2 survivors (2048K)
 Metaspace       used 43778K, committed 44224K, reserved 1089536K
  class space    used 5701K, committed 5888K, reserved 1048576K
}
Event: 16.679 GC heap after
{Heap after GC invocations=10 (full 0):
 garbage-first heap   total 51200K, used 21191K [0x000000008a000000, 0x0000000100000000)
  region size 1024K, 3 young (3072K), 3 survivors (3072K)
 Metaspace       used 43778K, committed 44224K, reserved 1089536K
  class space    used 5701K, committed 5888K, reserved 1048576K
}
Event: 17.343 GC heap before
{Heap before GC invocations=10 (full 0):
 garbage-first heap   total 51200K, used 38599K [0x000000008a000000, 0x0000000100000000)
  region size 1024K, 21 young (21504K), 3 survivors (3072K)
 Metaspace       used 45894K, committed 46400K, reserved 1089536K
  class space    used 5967K, committed 6208K, reserved 1048576K
}
Event: 17.354 GC heap after
{Heap after GC invocations=11 (full 0):
 garbage-first heap   total 51200K, used 22490K [0x000000008a000000, 0x0000000100000000)
  region size 1024K, 2 young (2048K), 2 survivors (2048K)
 Metaspace       used 45894K, committed 46400K, reserved 1089536K
  class space    used 5967K, committed 6208K, reserved 1048576K
}
Event: 19.073 GC heap before
{Heap before GC invocations=11 (full 0):
 garbage-first heap   total 51200K, used 37850K [0x000000008a000000, 0x0000000100000000)
  region size 1024K, 18 young (18432K), 2 survivors (2048K)
 Metaspace       used 50240K, committed 50688K, reserved 1097728K
  class space    used 6641K, committed 6848K, reserved 1048576K
}
Event: 19.082 GC heap after
{Heap after GC invocations=12 (full 0):
 garbage-first heap   total 51200K, used 23226K [0x000000008a000000, 0x0000000100000000)
  region size 1024K, 2 young (2048K), 2 survivors (2048K)
 Metaspace       used 50240K, committed 50688K, reserved 1097728K
  class space    used 6641K, committed 6848K, reserved 1048576K
}

